G:\GITHUB\DATA_STRUCTURE\VISUALGO.NET\LINKED LIST\LINKEDLIST\LINKEDLIST\DEBUG\LINKEDLIST.OBJ
G:\GITHUB\DATA_STRUCTURE\VISUALGO.NET\LINKED LIST\LINKEDLIST\LINKEDLIST\DEBUG\VC110.PDB
G:\GITHUB\DATA_STRUCTURE\VISUALGO.NET\LINKED LIST\LINKEDLIST\LINKEDLIST\DEBUG\STACK.OBJ
G:\GITHUB\DATA_STRUCTURE\VISUALGO.NET\LINKED LIST\LINKEDLIST\DEBUG\LINKEDLIST.ILK
G:\GITHUB\DATA_STRUCTURE\VISUALGO.NET\LINKED LIST\LINKEDLIST\DEBUG\LINKEDLIST.EXE
G:\GITHUB\DATA_STRUCTURE\VISUALGO.NET\LINKED LIST\LINKEDLIST\DEBUG\LINKEDLIST.PDB
G:\GitHub\Data_Structure\visualgo.net\Linked List\LinkedList\LinkedList\Debug\LinkedList.obj
G:\GitHub\Data_Structure\visualgo.net\Linked List\LinkedList\LinkedList\Debug\Stack.obj
G:\GitHub\Data_Structure\visualgo.net\Linked List\LinkedList\LinkedList\Debug\cl.command.1.tlog
G:\GitHub\Data_Structure\visualgo.net\Linked List\LinkedList\LinkedList\Debug\CL.read.1.tlog
G:\GitHub\Data_Structure\visualgo.net\Linked List\LinkedList\LinkedList\Debug\CL.write.1.tlog
G:\GitHub\Data_Structure\visualgo.net\Linked List\LinkedList\LinkedList\Debug\link-cvtres.read.1.tlog
G:\GitHub\Data_Structure\visualgo.net\Linked List\LinkedList\LinkedList\Debug\link-cvtres.write.1.tlog
G:\GitHub\Data_Structure\visualgo.net\Linked List\LinkedList\LinkedList\Debug\link-rc.read.1.tlog
G:\GitHub\Data_Structure\visualgo.net\Linked List\LinkedList\LinkedList\Debug\link-rc.write.1.tlog
G:\GitHub\Data_Structure\visualgo.net\Linked List\LinkedList\LinkedList\Debug\link.27864-cvtres.read.1.tlog
G:\GitHub\Data_Structure\visualgo.net\Linked List\LinkedList\LinkedList\Debug\link.27864-cvtres.write.1.tlog
G:\GitHub\Data_Structure\visualgo.net\Linked List\LinkedList\LinkedList\Debug\link.27864-rc.read.1.tlog
G:\GitHub\Data_Structure\visualgo.net\Linked List\LinkedList\LinkedList\Debug\link.27864-rc.write.1.tlog
G:\GitHub\Data_Structure\visualgo.net\Linked List\LinkedList\LinkedList\Debug\link.27864.read.1.tlog
G:\GitHub\Data_Structure\visualgo.net\Linked List\LinkedList\LinkedList\Debug\link.27864.write.1.tlog
G:\GitHub\Data_Structure\visualgo.net\Linked List\LinkedList\LinkedList\Debug\link.command.1.tlog
G:\GitHub\Data_Structure\visualgo.net\Linked List\LinkedList\LinkedList\Debug\link.read.1.tlog
G:\GitHub\Data_Structure\visualgo.net\Linked List\LinkedList\LinkedList\Debug\link.write.1.tlog
G:\GitHub\Data_Structure\visualgo.net\Linked List\LinkedList\LinkedList\Debug\vc110.idb
G:\GitHub\Data_Structure\visualgo.net\Linked List\LinkedList\LinkedList\Debug\vc110.pdb
G:\GitHub\Data_Structure\visualgo.net\Linked List\LinkedList\Debug\LinkedList.pdb
G:\GitHub\Data_Structure\visualgo.net\Linked List\LinkedList\Debug\LinkedList.exe
G:\GitHub\Data_Structure\visualgo.net\Linked List\LinkedList\Debug\LinkedList.ilk
